{"D:\\nova\\packages\\core\\src\\compaction.ts": {"path":"D:\\nova\\packages\\core\\src\\compaction.ts","statementMap":{"0":{"start":{"line":5,"column":14},"end":{"line":5,"column":null}},"1":{"start":{"line":6,"column":2},"end":{"line":9,"column":null}},"2":{"start":{"line":7,"column":4},"end":{"line":7,"column":null}},"3":{"start":{"line":8,"column":4},"end":{"line":8,"column":null}},"4":{"start":{"line":8,"column":22},"end":{"line":8,"column":null}},"5":{"start":{"line":10,"column":2},"end":{"line":10,"column":null}},"6":{"start":{"line":14,"column":19},"end":{"line":14,"column":null}},"7":{"start":{"line":15,"column":2},"end":{"line":15,"column":null}},"8":{"start":{"line":19,"column":14},"end":{"line":19,"column":null}},"9":{"start":{"line":20,"column":2},"end":{"line":20,"column":null}},"10":{"start":{"line":20,"column":26},"end":{"line":20,"column":null}},"11":{"start":{"line":22,"column":17},"end":{"line":22,"column":null}},"12":{"start":{"line":24,"column":2},"end":{"line":33,"column":null}},"13":{"start":{"line":24,"column":15},"end":{"line":24,"column":18}},"14":{"start":{"line":25,"column":4},"end":{"line":32,"column":null}},"15":{"start":{"line":26,"column":12},"end":{"line":26,"column":null}},"16":{"start":{"line":27,"column":6},"end":{"line":31,"column":null}},"17":{"start":{"line":28,"column":8},"end":{"line":28,"column":null}},"18":{"start":{"line":29,"column":8},"end":{"line":29,"column":null}},"19":{"start":{"line":30,"column":8},"end":{"line":30,"column":null}},"20":{"start":{"line":30,"column":32},"end":{"line":30,"column":null}},"21":{"start":{"line":34,"column":2},"end":{"line":34,"column":null}},"22":{"start":{"line":38,"column":16},"end":{"line":38,"column":null}},"23":{"start":{"line":39,"column":20},"end":{"line":39,"column":null}},"24":{"start":{"line":40,"column":16},"end":{"line":40,"column":null}},"25":{"start":{"line":42,"column":2},"end":{"line":42,"column":null}},"26":{"start":{"line":42,"column":26},"end":{"line":42,"column":null}},"27":{"start":{"line":45,"column":18},"end":{"line":45,"column":null}},"28":{"start":{"line":46,"column":2},"end":{"line":46,"column":null}}},"fnMap":{"0":{"name":"estimateTokens","decl":{"start":{"line":4,"column":16},"end":{"line":4,"column":31}},"loc":{"start":{"line":4,"column":56},"end":{"line":11,"column":null}},"line":4},"1":{"name":"getContextLimit","decl":{"start":{"line":13,"column":16},"end":{"line":13,"column":32}},"loc":{"start":{"line":13,"column":58},"end":{"line":16,"column":null}},"line":13},"2":{"name":"snipOldToolResults","decl":{"start":{"line":18,"column":16},"end":{"line":18,"column":35}},"loc":{"start":{"line":18,"column":78},"end":{"line":35,"column":null}},"line":18},"3":{"name":"maybeCompact","decl":{"start":{"line":37,"column":16},"end":{"line":37,"column":29}},"loc":{"start":{"line":37,"column":105},"end":{"line":47,"column":null}},"line":37}},"branchMap":{"0":{"loc":{"start":{"line":7,"column":14},"end":{"line":7,"column":31}},"type":"binary-expr","locations":[{"start":{"line":7,"column":14},"end":{"line":7,"column":27}},{"start":{"line":7,"column":27},"end":{"line":7,"column":31}}],"line":7},"1":{"loc":{"start":{"line":8,"column":4},"end":{"line":8,"column":null}},"type":"if","locations":[{"start":{"line":8,"column":4},"end":{"line":8,"column":null}},{"start":{},"end":{}}],"line":8},"2":{"loc":{"start":{"line":15,"column":9},"end":{"line":15,"column":null}},"type":"binary-expr","locations":[{"start":{"line":15,"column":9},"end":{"line":15,"column":43}},{"start":{"line":15,"column":43},"end":{"line":15,"column":null}}],"line":15},"3":{"loc":{"start":{"line":20,"column":2},"end":{"line":20,"column":null}},"type":"if","locations":[{"start":{"line":20,"column":2},"end":{"line":20,"column":null}},{"start":{},"end":{}}],"line":20},"4":{"loc":{"start":{"line":25,"column":4},"end":{"line":32,"column":null}},"type":"if","locations":[{"start":{"line":25,"column":4},"end":{"line":32,"column":null}},{"start":{},"end":{}}],"line":25},"5":{"loc":{"start":{"line":25,"column":8},"end":{"line":25,"column":63}},"type":"binary-expr","locations":[{"start":{"line":25,"column":8},"end":{"line":25,"column":38}},{"start":{"line":25,"column":38},"end":{"line":25,"column":63}}],"line":25},"6":{"loc":{"start":{"line":26,"column":27},"end":{"line":26,"column":52}},"type":"binary-expr","locations":[{"start":{"line":26,"column":27},"end":{"line":26,"column":48}},{"start":{"line":26,"column":48},"end":{"line":26,"column":52}}],"line":26},"7":{"loc":{"start":{"line":27,"column":6},"end":{"line":31,"column":null}},"type":"if","locations":[{"start":{"line":27,"column":6},"end":{"line":31,"column":null}},{"start":{},"end":{}}],"line":27},"8":{"loc":{"start":{"line":30,"column":8},"end":{"line":30,"column":null}},"type":"if","locations":[{"start":{"line":30,"column":8},"end":{"line":30,"column":null}},{"start":{},"end":{}}],"line":30},"9":{"loc":{"start":{"line":42,"column":2},"end":{"line":42,"column":null}},"type":"if","locations":[{"start":{"line":42,"column":2},"end":{"line":42,"column":null}},{"start":{},"end":{}}],"line":42}},"s":{"0":3,"1":3,"2":8,"3":8,"4":1,"5":3,"6":1,"7":1,"8":1,"9":1,"10":0,"11":1,"12":1,"13":1,"14":1,"15":0,"16":0,"17":0,"18":0,"19":0,"20":0,"21":1,"22":1,"23":1,"24":1,"25":1,"26":1,"27":0,"28":0},"f":{"0":3,"1":1,"2":1,"3":1},"b":{"0":[8,0],"1":[1,7],"2":[1,1],"3":[0,1],"4":[0,1],"5":[1,0],"6":[0,0],"7":[0,0],"8":[0,0],"9":[1,0]},"meta":{"lastBranch":10,"lastFunction":4,"lastStatement":29,"seen":{"f:4:16:4:31":0,"s:5:14:5:Infinity":0,"s:6:2:9:Infinity":1,"s:7:4:7:Infinity":2,"b:7:14:7:27:7:27:7:31":0,"b:8:4:8:Infinity:undefined:undefined:undefined:undefined":1,"s:8:4:8:Infinity":3,"s:8:22:8:Infinity":4,"s:10:2:10:Infinity":5,"f:13:16:13:32":1,"s:14:19:14:Infinity":6,"s:15:2:15:Infinity":7,"b:15:9:15:43:15:43:15:Infinity":2,"f:18:16:18:35":2,"s:19:14:19:Infinity":8,"b:20:2:20:Infinity:undefined:undefined:undefined:undefined":3,"s:20:2:20:Infinity":9,"s:20:26:20:Infinity":10,"s:22:17:22:Infinity":11,"s:24:2:33:Infinity":12,"s:24:15:24:18":13,"b:25:4:32:Infinity:undefined:undefined:undefined:undefined":4,"s:25:4:32:Infinity":14,"b:25:8:25:38:25:38:25:63":5,"s:26:12:26:Infinity":15,"b:26:27:26:48:26:48:26:52":6,"b:27:6:31:Infinity:undefined:undefined:undefined:undefined":7,"s:27:6:31:Infinity":16,"s:28:8:28:Infinity":17,"s:29:8:29:Infinity":18,"b:30:8:30:Infinity:undefined:undefined:undefined:undefined":8,"s:30:8:30:Infinity":19,"s:30:32:30:Infinity":20,"s:34:2:34:Infinity":21,"f:37:16:37:29":3,"s:38:16:38:Infinity":22,"s:39:20:39:Infinity":23,"s:40:16:40:Infinity":24,"b:42:2:42:Infinity:undefined:undefined:undefined:undefined":9,"s:42:2:42:Infinity":25,"s:42:26:42:Infinity":26,"s:45:18:45:Infinity":27,"s:46:2:46:Infinity":28},"fnNames":{}}}
,"D:\\nova\\packages\\core\\src\\quota.ts": {"path":"D:\\nova\\packages\\core\\src\\quota.ts","statementMap":{"0":{"start":{"line":8,"column":21},"end":{"line":8,"column":null}},"1":{"start":{"line":9,"column":24},"end":{"line":9,"column":null}},"2":{"start":{"line":10,"column":19},"end":{"line":10,"column":null}},"3":{"start":{"line":12,"column":33},"end":{"line":12,"column":null}},"4":{"start":{"line":13,"column":31},"end":{"line":13,"column":null}},"5":{"start":{"line":16,"column":12},"end":{"line":16,"column":null}},"6":{"start":{"line":17,"column":2},"end":{"line":17,"column":null}},"7":{"start":{"line":21,"column":14},"end":{"line":21,"column":null}},"8":{"start":{"line":22,"column":2},"end":{"line":25,"column":null}},"9":{"start":{"line":23,"column":4},"end":{"line":23,"column":null}},"10":{"start":{"line":24,"column":4},"end":{"line":24,"column":null}},"11":{"start":{"line":27,"column":18},"end":{"line":27,"column":null}},"12":{"start":{"line":28,"column":21},"end":{"line":28,"column":null}},"13":{"start":{"line":29,"column":19},"end":{"line":29,"column":null}},"14":{"start":{"line":31,"column":2},"end":{"line":31,"column":null}},"15":{"start":{"line":31,"column":34},"end":{"line":31,"column":null}},"16":{"start":{"line":32,"column":2},"end":{"line":32,"column":null}},"17":{"start":{"line":32,"column":35},"end":{"line":32,"column":null}},"18":{"start":{"line":36,"column":18},"end":{"line":36,"column":null}},"19":{"start":{"line":37,"column":2},"end":{"line":37,"column":null}},"20":{"start":{"line":38,"column":2},"end":{"line":38,"column":null}},"21":{"start":{"line":39,"column":2},"end":{"line":39,"column":null}},"22":{"start":{"line":40,"column":2},"end":{"line":40,"column":null}},"23":{"start":{"line":42,"column":2},"end":{"line":42,"column":null}},"24":{"start":{"line":43,"column":2},"end":{"line":43,"column":null}},"25":{"start":{"line":44,"column":2},"end":{"line":44,"column":null}},"26":{"start":{"line":48,"column":2},"end":{"line":51,"column":null}},"27":{"start":{"line":55,"column":2},"end":{"line":55,"column":null}}},"fnMap":{"0":{"name":"getDayStart","decl":{"start":{"line":15,"column":9},"end":{"line":15,"column":31}},"loc":{"start":{"line":15,"column":31},"end":{"line":18,"column":null}},"line":15},"1":{"name":"checkQuota","decl":{"start":{"line":20,"column":16},"end":{"line":20,"column":27}},"loc":{"start":{"line":20,"column":113},"end":{"line":33,"column":null}},"line":20},"2":{"name":"recordUsage","decl":{"start":{"line":35,"column":16},"end":{"line":35,"column":28}},"loc":{"start":{"line":35,"column":110},"end":{"line":45,"column":null}},"line":35},"3":{"name":"getUsage","decl":{"start":{"line":47,"column":16},"end":{"line":47,"column":25}},"loc":{"start":{"line":47,"column":78},"end":{"line":52,"column":null}},"line":47},"4":{"name":"resetSession","decl":{"start":{"line":54,"column":16},"end":{"line":54,"column":29}},"loc":{"start":{"line":54,"column":54},"end":{"line":56,"column":null}},"line":54}},"branchMap":{"0":{"loc":{"start":{"line":22,"column":2},"end":{"line":25,"column":null}},"type":"if","locations":[{"start":{"line":22,"column":2},"end":{"line":25,"column":null}},{"start":{},"end":{}}],"line":22},"1":{"loc":{"start":{"line":27,"column":18},"end":{"line":27,"column":null}},"type":"binary-expr","locations":[{"start":{"line":27,"column":18},"end":{"line":27,"column":49}},{"start":{"line":27,"column":49},"end":{"line":27,"column":null}}],"line":27},"2":{"loc":{"start":{"line":28,"column":21},"end":{"line":28,"column":null}},"type":"binary-expr","locations":[{"start":{"line":28,"column":21},"end":{"line":28,"column":47}},{"start":{"line":28,"column":47},"end":{"line":28,"column":null}}],"line":28},"3":{"loc":{"start":{"line":29,"column":19},"end":{"line":29,"column":null}},"type":"binary-expr","locations":[{"start":{"line":29,"column":19},"end":{"line":29,"column":43}},{"start":{"line":29,"column":43},"end":{"line":29,"column":null}}],"line":29},"4":{"loc":{"start":{"line":31,"column":2},"end":{"line":31,"column":null}},"type":"if","locations":[{"start":{"line":31,"column":2},"end":{"line":31,"column":null}},{"start":{},"end":{}}],"line":31},"5":{"loc":{"start":{"line":32,"column":2},"end":{"line":32,"column":null}},"type":"if","locations":[{"start":{"line":32,"column":2},"end":{"line":32,"column":null}},{"start":{},"end":{}}],"line":32},"6":{"loc":{"start":{"line":36,"column":18},"end":{"line":36,"column":null}},"type":"binary-expr","locations":[{"start":{"line":36,"column":18},"end":{"line":36,"column":49}},{"start":{"line":36,"column":49},"end":{"line":36,"column":null}}],"line":36},"7":{"loc":{"start":{"line":49,"column":13},"end":{"line":49,"column":null}},"type":"binary-expr","locations":[{"start":{"line":49,"column":13},"end":{"line":49,"column":44}},{"start":{"line":49,"column":44},"end":{"line":49,"column":null}}],"line":49}},"s":{"0":3,"1":3,"2":3,"3":3,"4":3,"5":0,"6":0,"7":1,"8":1,"9":0,"10":0,"11":1,"12":1,"13":1,"14":1,"15":0,"16":1,"17":0,"18":2,"19":2,"20":2,"21":2,"22":2,"23":2,"24":2,"25":2,"26":2,"27":0},"f":{"0":0,"1":1,"2":2,"3":2,"4":0},"b":{"0":[0,1],"1":[1,1],"2":[1,1],"3":[1,1],"4":[0,1],"5":[0,1],"6":[2,1],"7":[2,0]},"meta":{"lastBranch":8,"lastFunction":5,"lastStatement":28,"seen":{"s:8:21:8:Infinity":0,"s:9:24:9:Infinity":1,"s:10:19:10:Infinity":2,"s:12:33:12:Infinity":3,"s:13:31:13:Infinity":4,"f:15:9:15:31":0,"s:16:12:16:Infinity":5,"s:17:2:17:Infinity":6,"f:20:16:20:27":1,"s:21:14:21:Infinity":7,"b:22:2:25:Infinity:undefined:undefined:undefined:undefined":0,"s:22:2:25:Infinity":8,"s:23:4:23:Infinity":9,"s:24:4:24:Infinity":10,"s:27:18:27:Infinity":11,"b:27:18:27:49:27:49:27:Infinity":1,"s:28:21:28:Infinity":12,"b:28:21:28:47:28:47:28:Infinity":2,"s:29:19:29:Infinity":13,"b:29:19:29:43:29:43:29:Infinity":3,"b:31:2:31:Infinity:undefined:undefined:undefined:undefined":4,"s:31:2:31:Infinity":14,"s:31:34:31:Infinity":15,"b:32:2:32:Infinity:undefined:undefined:undefined:undefined":5,"s:32:2:32:Infinity":16,"s:32:35:32:Infinity":17,"f:35:16:35:28":2,"s:36:18:36:Infinity":18,"b:36:18:36:49:36:49:36:Infinity":6,"s:37:2:37:Infinity":19,"s:38:2:38:Infinity":20,"s:39:2:39:Infinity":21,"s:40:2:40:Infinity":22,"s:42:2:42:Infinity":23,"s:43:2:43:Infinity":24,"s:44:2:44:Infinity":25,"f:47:16:47:25":3,"s:48:2:51:Infinity":26,"b:49:13:49:44:49:44:49:Infinity":7,"f:54:16:54:29":4,"s:55:2:55:Infinity":27},"fnNames":{}}}
,"D:\\nova\\packages\\core\\src\\api\\routes.ts": {"path":"D:\\nova\\packages\\core\\src\\api\\routes.ts","statementMap":{"0":{"start":{"line":16,"column":14},"end":{"line":16,"column":null}},"1":{"start":{"line":18,"column":2},"end":{"line":39,"column":null}},"2":{"start":{"line":19,"column":4},"end":{"line":19,"column":null}},"3":{"start":{"line":20,"column":19},"end":{"line":20,"column":null}},"4":{"start":{"line":21,"column":15},"end":{"line":21,"column":null}},"5":{"start":{"line":22,"column":4},"end":{"line":38,"column":null}},"6":{"start":{"line":24,"column":23},"end":{"line":24,"column":null}},"7":{"start":{"line":25,"column":19},"end":{"line":25,"column":null}},"8":{"start":{"line":26,"column":6},"end":{"line":37,"column":null}},"9":{"start":{"line":27,"column":29},"end":{"line":27,"column":null}},"10":{"start":{"line":28,"column":27},"end":{"line":28,"column":null}},"11":{"start":{"line":29,"column":8},"end":{"line":36,"column":null}},"12":{"start":{"line":40,"column":2},"end":{"line":42,"column":null}},"13":{"start":{"line":45,"column":2},"end":{"line":45,"column":null}},"14":{"start":{"line":48,"column":2},"end":{"line":48,"column":null}},"15":{"start":{"line":51,"column":2},"end":{"line":51,"column":null}},"16":{"start":{"line":52,"column":2},"end":{"line":52,"column":null}},"17":{"start":{"line":53,"column":2},"end":{"line":53,"column":null}},"18":{"start":{"line":54,"column":2},"end":{"line":54,"column":null}},"19":{"start":{"line":55,"column":2},"end":{"line":55,"column":null}},"20":{"start":{"line":56,"column":2},"end":{"line":56,"column":null}},"21":{"start":{"line":57,"column":2},"end":{"line":57,"column":null}},"22":{"start":{"line":58,"column":2},"end":{"line":58,"column":null}},"23":{"start":{"line":61,"column":2},"end":{"line":61,"column":null}},"24":{"start":{"line":63,"column":2},"end":{"line":66,"column":null}},"25":{"start":{"line":64,"column":4},"end":{"line":64,"column":null}},"26":{"start":{"line":65,"column":4},"end":{"line":65,"column":null}},"27":{"start":{"line":68,"column":2},"end":{"line":68,"column":null}}},"fnMap":{"0":{"name":"createRouter","decl":{"start":{"line":15,"column":16},"end":{"line":15,"column":37}},"loc":{"start":{"line":15,"column":37},"end":{"line":69,"column":null}},"line":15},"1":{"name":"(anonymous_1)","decl":{"start":{"line":18,"column":15},"end":{"line":18,"column":22}},"loc":{"start":{"line":18,"column":34},"end":{"line":39,"column":3}},"line":18},"2":{"name":"(anonymous_2)","decl":{"start":{"line":63,"column":14},"end":{"line":63,"column":15}},"loc":{"start":{"line":63,"column":26},"end":{"line":66,"column":3}},"line":63}},"branchMap":{"0":{"loc":{"start":{"line":20,"column":19},"end":{"line":20,"column":null}},"type":"binary-expr","locations":[{"start":{"line":20,"column":19},"end":{"line":20,"column":54}},{"start":{"line":20,"column":54},"end":{"line":20,"column":null}}],"line":20},"1":{"loc":{"start":{"line":21,"column":15},"end":{"line":21,"column":null}},"type":"binary-expr","locations":[{"start":{"line":21,"column":15},"end":{"line":21,"column":52}},{"start":{"line":21,"column":52},"end":{"line":21,"column":null}}],"line":21},"2":{"loc":{"start":{"line":22,"column":4},"end":{"line":38,"column":null}},"type":"if","locations":[{"start":{"line":22,"column":4},"end":{"line":38,"column":null}},{"start":{},"end":{}}],"line":22},"3":{"loc":{"start":{"line":22,"column":8},"end":{"line":22,"column":70}},"type":"binary-expr","locations":[{"start":{"line":22,"column":8},"end":{"line":22,"column":35}},{"start":{"line":22,"column":35},"end":{"line":22,"column":58}},{"start":{"line":22,"column":58},"end":{"line":22,"column":70}}],"line":22},"4":{"loc":{"start":{"line":26,"column":6},"end":{"line":37,"column":null}},"type":"if","locations":[{"start":{"line":26,"column":6},"end":{"line":37,"column":null}},{"start":{},"end":{}}],"line":26},"5":{"loc":{"start":{"line":41,"column":12},"end":{"line":41,"column":null}},"type":"binary-expr","locations":[{"start":{"line":41,"column":12},"end":{"line":41,"column":44}},{"start":{"line":41,"column":44},"end":{"line":41,"column":null}}],"line":41},"6":{"loc":{"start":{"line":65,"column":27},"end":{"line":65,"column":81}},"type":"cond-expr","locations":[{"start":{"line":65,"column":50},"end":{"line":65,"column":64}},{"start":{"line":65,"column":64},"end":{"line":65,"column":81}}],"line":65}},"s":{"0":3,"1":3,"2":2,"3":2,"4":2,"5":2,"6":0,"7":0,"8":0,"9":0,"10":0,"11":0,"12":3,"13":3,"14":3,"15":3,"16":3,"17":3,"18":3,"19":3,"20":3,"21":3,"22":3,"23":3,"24":3,"25":0,"26":0,"27":3},"f":{"0":3,"1":2,"2":0},"b":{"0":[2,2],"1":[2,0],"2":[0,2],"3":[2,0,0],"4":[0,0],"5":[3,3],"6":[0,0]},"meta":{"lastBranch":7,"lastFunction":3,"lastStatement":28,"seen":{"f:15:16:15:37":0,"s:16:14:16:Infinity":0,"s:18:2:39:Infinity":1,"f:18:15:18:22":1,"s:19:4:19:Infinity":2,"s:20:19:20:Infinity":3,"b:20:19:20:54:20:54:20:Infinity":0,"s:21:15:21:Infinity":4,"b:21:15:21:52:21:52:21:Infinity":1,"b:22:4:38:Infinity:undefined:undefined:undefined:undefined":2,"s:22:4:38:Infinity":5,"b:22:8:22:35:22:35:22:58:22:58:22:70":3,"s:24:23:24:Infinity":6,"s:25:19:25:Infinity":7,"b:26:6:37:Infinity:undefined:undefined:undefined:undefined":4,"s:26:6:37:Infinity":8,"s:27:29:27:Infinity":9,"s:28:27:28:Infinity":10,"s:29:8:36:Infinity":11,"s:40:2:42:Infinity":12,"b:41:12:41:44:41:44:41:Infinity":5,"s:45:2:45:Infinity":13,"s:48:2:48:Infinity":14,"s:51:2:51:Infinity":15,"s:52:2:52:Infinity":16,"s:53:2:53:Infinity":17,"s:54:2:54:Infinity":18,"s:55:2:55:Infinity":19,"s:56:2:56:Infinity":20,"s:57:2:57:Infinity":21,"s:58:2:58:Infinity":22,"s:61:2:61:Infinity":23,"s:63:2:66:Infinity":24,"f:63:14:63:15":2,"s:64:4:64:Infinity":25,"s:65:4:65:Infinity":26,"b:65:50:65:64:65:64:65:81":6,"s:68:2:68:Infinity":27},"fnNames":{}}}
,"D:\\nova\\packages\\core\\src\\event-bus\\index.ts": {"path":"D:\\nova\\packages\\core\\src\\event-bus\\index.ts","statementMap":{"0":{"start":{"line":10,"column":11},"end":{"line":10,"column":null}},"1":{"start":{"line":11,"column":0},"end":{"line":11,"column":null}},"2":{"start":{"line":14,"column":2},"end":{"line":14,"column":null}},"3":{"start":{"line":21,"column":2},"end":{"line":21,"column":null}},"4":{"start":{"line":22,"column":2},"end":{"line":22,"column":null}},"5":{"start":{"line":22,"column":15},"end":{"line":22,"column":null}},"6":{"start":{"line":29,"column":18},"end":{"line":31,"column":null}},"7":{"start":{"line":30,"column":4},"end":{"line":30,"column":null}},"8":{"start":{"line":30,"column":56},"end":{"line":30,"column":null}},"9":{"start":{"line":32,"column":2},"end":{"line":32,"column":null}},"10":{"start":{"line":33,"column":2},"end":{"line":33,"column":null}},"11":{"start":{"line":33,"column":15},"end":{"line":33,"column":null}}},"fnMap":{"0":{"name":"emitEvent","decl":{"start":{"line":13,"column":16},"end":{"line":13,"column":26}},"loc":{"start":{"line":13,"column":45},"end":{"line":15,"column":null}},"line":13},"1":{"name":"onEvent","decl":{"start":{"line":17,"column":16},"end":{"line":17,"column":null}},"loc":{"start":{"line":20,"column":14},"end":{"line":23,"column":null}},"line":20},"2":{"name":"(anonymous_2)","decl":{"start":{"line":22,"column":9},"end":{"line":22,"column":15}},"loc":{"start":{"line":22,"column":15},"end":{"line":22,"column":null}},"line":22},"3":{"name":"onEventKind","decl":{"start":{"line":25,"column":16},"end":{"line":25,"column":null}},"loc":{"start":{"line":28,"column":14},"end":{"line":34,"column":null}},"line":28},"4":{"name":"(anonymous_4)","decl":{"start":{"line":29,"column":18},"end":{"line":29,"column":19}},"loc":{"start":{"line":29,"column":35},"end":{"line":31,"column":null}},"line":29},"5":{"name":"(anonymous_5)","decl":{"start":{"line":33,"column":9},"end":{"line":33,"column":15}},"loc":{"start":{"line":33,"column":15},"end":{"line":33,"column":null}},"line":33}},"branchMap":{"0":{"loc":{"start":{"line":30,"column":4},"end":{"line":30,"column":null}},"type":"if","locations":[{"start":{"line":30,"column":4},"end":{"line":30,"column":null}},{"start":{},"end":{}}],"line":30},"1":{"loc":{"start":{"line":30,"column":8},"end":{"line":30,"column":56}},"type":"binary-expr","locations":[{"start":{"line":30,"column":8},"end":{"line":30,"column":31}},{"start":{"line":30,"column":31},"end":{"line":30,"column":56}}],"line":30}},"s":{"0":6,"1":6,"2":16,"3":1,"4":1,"5":1,"6":2,"7":2,"8":1,"9":2,"10":2,"11":2},"f":{"0":16,"1":1,"2":1,"3":2,"4":2,"5":2},"b":{"0":[1,1],"1":[2,2]},"meta":{"lastBranch":2,"lastFunction":6,"lastStatement":12,"seen":{"s:10:11:10:Infinity":0,"s:11:0:11:Infinity":1,"f:13:16:13:26":0,"s:14:2:14:Infinity":2,"f:17:16:17:Infinity":1,"s:21:2:21:Infinity":3,"s:22:2:22:Infinity":4,"f:22:9:22:15":2,"s:22:15:22:Infinity":5,"f:25:16:25:Infinity":3,"s:29:18:31:Infinity":6,"f:29:18:29:19":4,"b:30:4:30:Infinity:undefined:undefined:undefined:undefined":0,"s:30:4:30:Infinity":7,"b:30:8:30:31:30:31:30:56":1,"s:30:56:30:Infinity":8,"s:32:2:32:Infinity":9,"s:33:2:33:Infinity":10,"f:33:9:33:15":5,"s:33:15:33:Infinity":11},"fnNames":{}}}
,"D:\\nova\\packages\\core\\src\\safety\\circuit-breaker-tools.ts": {"path":"D:\\nova\\packages\\core\\src\\safety\\circuit-breaker-tools.ts","statementMap":{"0":{"start":{"line":40,"column":49},"end":{"line":45,"column":null}},"1":{"start":{"line":51,"column":4},"end":{"line":51,"column":null}},"2":{"start":{"line":52,"column":4},"end":{"line":52,"column":null}},"3":{"start":{"line":58,"column":4},"end":{"line":58,"column":null}},"4":{"start":{"line":59,"column":4},"end":{"line":59,"column":null}},"5":{"start":{"line":65,"column":4},"end":{"line":65,"column":null}},"6":{"start":{"line":66,"column":4},"end":{"line":66,"column":null}},"7":{"start":{"line":72,"column":4},"end":{"line":72,"column":null}},"8":{"start":{"line":73,"column":4},"end":{"line":73,"column":null}},"9":{"start":{"line":83,"column":25},"end":{"line":83,"column":null}},"10":{"start":{"line":85,"column":24},"end":{"line":85,"column":null}},"11":{"start":{"line":87,"column":27},"end":{"line":87,"column":null}},"12":{"start":{"line":89,"column":25},"end":{"line":89,"column":null}},"13":{"start":{"line":92,"column":4},"end":{"line":92,"column":null}},"14":{"start":{"line":100,"column":65},"end":{"line":100,"column":null}},"15":{"start":{"line":103,"column":22},"end":{"line":103,"column":null}},"16":{"start":{"line":104,"column":4},"end":{"line":113,"column":null}},"17":{"start":{"line":105,"column":12},"end":{"line":105,"column":null}},"18":{"start":{"line":106,"column":6},"end":{"line":112,"column":null}},"19":{"start":{"line":107,"column":8},"end":{"line":107,"column":null}},"20":{"start":{"line":108,"column":8},"end":{"line":111,"column":null}},"21":{"start":{"line":116,"column":10},"end":{"line":116,"column":null}},"22":{"start":{"line":117,"column":4},"end":{"line":117,"column":null}},"23":{"start":{"line":119,"column":4},"end":{"line":126,"column":null}},"24":{"start":{"line":120,"column":6},"end":{"line":121,"column":null}},"25":{"start":{"line":122,"column":6},"end":{"line":125,"column":null}},"26":{"start":{"line":129,"column":4},"end":{"line":141,"column":null}},"27":{"start":{"line":130,"column":12},"end":{"line":130,"column":null}},"28":{"start":{"line":131,"column":6},"end":{"line":131,"column":null}},"29":{"start":{"line":133,"column":6},"end":{"line":140,"column":null}},"30":{"start":{"line":134,"column":8},"end":{"line":135,"column":null}},"31":{"start":{"line":136,"column":8},"end":{"line":139,"column":null}},"32":{"start":{"line":144,"column":19},"end":{"line":144,"column":null}},"33":{"start":{"line":145,"column":4},"end":{"line":145,"column":null}},"34":{"start":{"line":146,"column":4},"end":{"line":146,"column":null}},"35":{"start":{"line":148,"column":27},"end":{"line":148,"column":null}},"36":{"start":{"line":148,"column":46},"end":{"line":148,"column":62}},"37":{"start":{"line":149,"column":4},"end":{"line":156,"column":null}},"38":{"start":{"line":150,"column":6},"end":{"line":151,"column":null}},"39":{"start":{"line":152,"column":6},"end":{"line":155,"column":null}},"40":{"start":{"line":164,"column":4},"end":{"line":169,"column":null}},"41":{"start":{"line":165,"column":27},"end":{"line":165,"column":null}},"42":{"start":{"line":166,"column":6},"end":{"line":168,"column":null}},"43":{"start":{"line":167,"column":8},"end":{"line":167,"column":null}},"44":{"start":{"line":177,"column":4},"end":{"line":177,"column":null}},"45":{"start":{"line":178,"column":4},"end":{"line":178,"column":null}},"46":{"start":{"line":179,"column":4},"end":{"line":179,"column":null}},"47":{"start":{"line":187,"column":4},"end":{"line":187,"column":null}},"48":{"start":{"line":188,"column":4},"end":{"line":188,"column":null}},"49":{"start":{"line":189,"column":4},"end":{"line":189,"column":null}},"50":{"start":{"line":190,"column":4},"end":{"line":190,"column":null}},"51":{"start":{"line":197,"column":22},"end":{"line":197,"column":null}},"52":{"start":{"line":198,"column":4},"end":{"line":198,"column":null}},"53":{"start":{"line":198,"column":20},"end":{"line":198,"column":null}},"54":{"start":{"line":199,"column":4},"end":{"line":199,"column":null}},"55":{"start":{"line":211,"column":4},"end":{"line":218,"column":null}},"56":{"start":{"line":230,"column":4},"end":{"line":241,"column":null}},"57":{"start":{"line":248,"column":4},"end":{"line":248,"column":null}},"58":{"start":{"line":255,"column":4},"end":{"line":255,"column":null}},"59":{"start":{"line":261,"column":27},"end":{"line":261,"column":null}}},"fnMap":{"0":{"name":"constructor","decl":{"start":{"line":50,"column":2},"end":{"line":50,"column":14}},"loc":{"start":{"line":50,"column":31},"end":{"line":53,"column":null}},"line":50},"1":{"name":"constructor_2","decl":{"start":{"line":57,"column":2},"end":{"line":57,"column":14}},"loc":{"start":{"line":57,"column":31},"end":{"line":60,"column":null}},"line":57},"2":{"name":"constructor_3","decl":{"start":{"line":64,"column":2},"end":{"line":64,"column":14}},"loc":{"start":{"line":64,"column":31},"end":{"line":67,"column":null}},"line":64},"3":{"name":"constructor_4","decl":{"start":{"line":71,"column":2},"end":{"line":71,"column":14}},"loc":{"start":{"line":71,"column":31},"end":{"line":74,"column":null}},"line":71},"4":{"name":"constructor_5","decl":{"start":{"line":91,"column":2},"end":{"line":91,"column":14}},"loc":{"start":{"line":91,"column":62},"end":{"line":93,"column":null}},"line":91},"5":{"name":"beforeCall","decl":{"start":{"line":99,"column":2},"end":{"line":99,"column":13}},"loc":{"start":{"line":99,"column":41},"end":{"line":157,"column":null}},"line":99},"6":{"name":"(anonymous_6)","decl":{"start":{"line":148,"column":41},"end":{"line":148,"column":46}},"loc":{"start":{"line":148,"column":46},"end":{"line":148,"column":62}},"line":148},"7":{"name":"afterCall","decl":{"start":{"line":163,"column":2},"end":{"line":163,"column":12}},"loc":{"start":{"line":163,"column":69},"end":{"line":170,"column":null}},"line":163},"8":{"name":"initTask","decl":{"start":{"line":176,"column":2},"end":{"line":176,"column":11}},"loc":{"start":{"line":176,"column":33},"end":{"line":181,"column":null}},"line":176},"9":{"name":"resetTask","decl":{"start":{"line":186,"column":2},"end":{"line":186,"column":12}},"loc":{"start":{"line":186,"column":34},"end":{"line":191,"column":null}},"line":186},"10":{"name":"isTimedOut","decl":{"start":{"line":196,"column":2},"end":{"line":196,"column":13}},"loc":{"start":{"line":196,"column":38},"end":{"line":200,"column":null}},"line":196},"11":{"name":"getTaskState","decl":{"start":{"line":205,"column":2},"end":{"line":205,"column":15}},"loc":{"start":{"line":210,"column":4},"end":{"line":219,"column":null}},"line":210},"12":{"name":"emitBreach","decl":{"start":{"line":224,"column":10},"end":{"line":224,"column":null}},"loc":{"start":{"line":229,"column":10},"end":{"line":242,"column":null}},"line":229},"13":{"name":"updateConfig","decl":{"start":{"line":247,"column":2},"end":{"line":247,"column":15}},"loc":{"start":{"line":247,"column":64},"end":{"line":249,"column":null}},"line":247},"14":{"name":"getConfig","decl":{"start":{"line":254,"column":2},"end":{"line":254,"column":40}},"loc":{"start":{"line":254,"column":40},"end":{"line":256,"column":null}},"line":254}},"branchMap":{"0":{"loc":{"start":{"line":91,"column":14},"end":{"line":91,"column":62}},"type":"default-arg","locations":[{"start":{"line":91,"column":58},"end":{"line":91,"column":62}}],"line":91},"1":{"loc":{"start":{"line":104,"column":4},"end":{"line":113,"column":null}},"type":"if","locations":[{"start":{"line":104,"column":4},"end":{"line":113,"column":null}},{"start":{},"end":{}}],"line":104},"2":{"loc":{"start":{"line":106,"column":6},"end":{"line":112,"column":null}},"type":"if","locations":[{"start":{"line":106,"column":6},"end":{"line":112,"column":null}},{"start":{},"end":{}}],"line":106},"3":{"loc":{"start":{"line":116,"column":26},"end":{"line":116,"column":64}},"type":"binary-expr","locations":[{"start":{"line":116,"column":26},"end":{"line":116,"column":59}},{"start":{"line":116,"column":59},"end":{"line":116,"column":64}}],"line":116},"4":{"loc":{"start":{"line":119,"column":4},"end":{"line":126,"column":null}},"type":"if","locations":[{"start":{"line":119,"column":4},"end":{"line":126,"column":null}},{"start":{},"end":{}}],"line":119},"5":{"loc":{"start":{"line":129,"column":4},"end":{"line":141,"column":null}},"type":"if","locations":[{"start":{"line":129,"column":4},"end":{"line":141,"column":null}},{"start":{},"end":{}}],"line":129},"6":{"loc":{"start":{"line":129,"column":8},"end":{"line":129,"column":73}},"type":"binary-expr","locations":[{"start":{"line":129,"column":8},"end":{"line":129,"column":41}},{"start":{"line":129,"column":41},"end":{"line":129,"column":73}}],"line":129},"7":{"loc":{"start":{"line":130,"column":28},"end":{"line":130,"column":65}},"type":"binary-expr","locations":[{"start":{"line":130,"column":28},"end":{"line":130,"column":60}},{"start":{"line":130,"column":60},"end":{"line":130,"column":65}}],"line":130},"8":{"loc":{"start":{"line":133,"column":6},"end":{"line":140,"column":null}},"type":"if","locations":[{"start":{"line":133,"column":6},"end":{"line":140,"column":null}},{"start":{},"end":{}}],"line":133},"9":{"loc":{"start":{"line":144,"column":19},"end":{"line":144,"column":null}},"type":"binary-expr","locations":[{"start":{"line":144,"column":19},"end":{"line":144,"column":52}},{"start":{"line":144,"column":52},"end":{"line":144,"column":null}}],"line":144},"10":{"loc":{"start":{"line":149,"column":4},"end":{"line":156,"column":null}},"type":"if","locations":[{"start":{"line":149,"column":4},"end":{"line":156,"column":null}},{"start":{},"end":{}}],"line":149},"11":{"loc":{"start":{"line":164,"column":4},"end":{"line":169,"column":null}},"type":"if","locations":[{"start":{"line":164,"column":4},"end":{"line":169,"column":null}},{"start":{},"end":{}}],"line":164},"12":{"loc":{"start":{"line":164,"column":8},"end":{"line":164,"column":81}},"type":"binary-expr","locations":[{"start":{"line":164,"column":8},"end":{"line":164,"column":45}},{"start":{"line":164,"column":45},"end":{"line":164,"column":81}}],"line":164},"13":{"loc":{"start":{"line":165,"column":27},"end":{"line":165,"column":null}},"type":"binary-expr","locations":[{"start":{"line":165,"column":27},"end":{"line":165,"column":63}},{"start":{"line":165,"column":63},"end":{"line":165,"column":null}}],"line":165},"14":{"loc":{"start":{"line":166,"column":6},"end":{"line":168,"column":null}},"type":"if","locations":[{"start":{"line":166,"column":6},"end":{"line":168,"column":null}},{"start":{},"end":{}}],"line":166},"15":{"loc":{"start":{"line":198,"column":4},"end":{"line":198,"column":null}},"type":"if","locations":[{"start":{"line":198,"column":4},"end":{"line":198,"column":null}},{"start":{},"end":{}}],"line":198},"16":{"loc":{"start":{"line":212,"column":17},"end":{"line":212,"column":null}},"type":"binary-expr","locations":[{"start":{"line":212,"column":17},"end":{"line":212,"column":50}},{"start":{"line":212,"column":50},"end":{"line":212,"column":null}}],"line":212},"17":{"loc":{"start":{"line":213,"column":18},"end":{"line":213,"column":null}},"type":"binary-expr","locations":[{"start":{"line":213,"column":18},"end":{"line":213,"column":50}},{"start":{"line":213,"column":50},"end":{"line":213,"column":null}}],"line":213},"18":{"loc":{"start":{"line":214,"column":22},"end":{"line":216,"column":null}},"type":"cond-expr","locations":[{"start":{"line":214,"column":52},"end":{"line":215,"column":null}},{"start":{"line":216,"column":10},"end":{"line":216,"column":null}}],"line":214},"19":{"loc":{"start":{"line":215,"column":25},"end":{"line":215,"column":75}},"type":"binary-expr","locations":[{"start":{"line":215,"column":25},"end":{"line":215,"column":60}},{"start":{"line":215,"column":60},"end":{"line":215,"column":75}}],"line":215},"20":{"loc":{"start":{"line":217,"column":18},"end":{"line":217,"column":55}},"type":"binary-expr","locations":[{"start":{"line":217,"column":18},"end":{"line":217,"column":51}},{"start":{"line":217,"column":51},"end":{"line":217,"column":55}}],"line":217}},"s":{"0":4,"1":7,"2":7,"3":2,"4":2,"5":1,"6":1,"7":3,"8":3,"9":37,"10":37,"11":37,"12":37,"13":37,"14":107,"15":107,"16":107,"17":107,"18":107,"19":1,"20":1,"21":106,"22":107,"23":107,"24":7,"25":7,"26":99,"27":17,"28":17,"29":17,"30":2,"31":2,"32":97,"33":107,"34":107,"35":107,"36":334,"37":107,"38":3,"39":3,"40":8,"41":7,"42":7,"43":7,"44":29,"45":29,"46":29,"47":9,"48":9,"49":9,"50":9,"51":2,"52":2,"53":0,"54":2,"55":14,"56":13,"57":3,"58":2,"59":4},"f":{"0":7,"1":2,"2":1,"3":3,"4":37,"5":107,"6":334,"7":8,"8":29,"9":9,"10":2,"11":14,"12":13,"13":3,"14":2},"b":{"0":[37],"1":[107,0],"2":[1,106],"3":[106,24],"4":[7,100],"5":[17,82],"6":[99,88],"7":[17,11],"8":[2,15],"9":[97,0],"10":[3,104],"11":[7,1],"12":[8,2],"13":[7,0],"14":[7,0],"15":[0,2],"16":[14,5],"17":[14,10],"18":[12,2],"19":[12,0],"20":[14,2]},"meta":{"lastBranch":21,"lastFunction":15,"lastStatement":60,"seen":{"s:40:49:45:Infinity":0,"f:50:2:50:14":0,"s:51:4:51:Infinity":1,"s:52:4:52:Infinity":2,"f:57:2:57:14":1,"s:58:4:58:Infinity":3,"s:59:4:59:Infinity":4,"f:64:2:64:14":2,"s:65:4:65:Infinity":5,"s:66:4:66:Infinity":6,"f:71:2:71:14":3,"s:72:4:72:Infinity":7,"s:73:4:73:Infinity":8,"s:83:25:83:Infinity":9,"s:85:24:85:Infinity":10,"s:87:27:87:Infinity":11,"s:89:25:89:Infinity":12,"f:91:2:91:14":4,"b:91:58:91:62":0,"s:92:4:92:Infinity":13,"f:99:2:99:13":5,"s:100:65:100:Infinity":14,"s:103:22:103:Infinity":15,"b:104:4:113:Infinity:undefined:undefined:undefined:undefined":1,"s:104:4:113:Infinity":16,"s:105:12:105:Infinity":17,"b:106:6:112:Infinity:undefined:undefined:undefined:undefined":2,"s:106:6:112:Infinity":18,"s:107:8:107:Infinity":19,"s:108:8:111:Infinity":20,"s:116:10:116:Infinity":21,"b:116:26:116:59:116:59:116:64":3,"s:117:4:117:Infinity":22,"b:119:4:126:Infinity:undefined:undefined:undefined:undefined":4,"s:119:4:126:Infinity":23,"s:120:6:121:Infinity":24,"s:122:6:125:Infinity":25,"b:129:4:141:Infinity:undefined:undefined:undefined:undefined":5,"s:129:4:141:Infinity":26,"b:129:8:129:41:129:41:129:73":6,"s:130:12:130:Infinity":27,"b:130:28:130:60:130:60:130:65":7,"s:131:6:131:Infinity":28,"b:133:6:140:Infinity:undefined:undefined:undefined:undefined":8,"s:133:6:140:Infinity":29,"s:134:8:135:Infinity":30,"s:136:8:139:Infinity":31,"s:144:19:144:Infinity":32,"b:144:19:144:52:144:52:144:Infinity":9,"s:145:4:145:Infinity":33,"s:146:4:146:Infinity":34,"s:148:27:148:Infinity":35,"f:148:41:148:46":6,"s:148:46:148:62":36,"b:149:4:156:Infinity:undefined:undefined:undefined:undefined":10,"s:149:4:156:Infinity":37,"s:150:6:151:Infinity":38,"s:152:6:155:Infinity":39,"f:163:2:163:12":7,"b:164:4:169:Infinity:undefined:undefined:undefined:undefined":11,"s:164:4:169:Infinity":40,"b:164:8:164:45:164:45:164:81":12,"s:165:27:165:Infinity":41,"b:165:27:165:63:165:63:165:Infinity":13,"b:166:6:168:Infinity:undefined:undefined:undefined:undefined":14,"s:166:6:168:Infinity":42,"s:167:8:167:Infinity":43,"f:176:2:176:11":8,"s:177:4:177:Infinity":44,"s:178:4:178:Infinity":45,"s:179:4:179:Infinity":46,"f:186:2:186:12":9,"s:187:4:187:Infinity":47,"s:188:4:188:Infinity":48,"s:189:4:189:Infinity":49,"s:190:4:190:Infinity":50,"f:196:2:196:13":10,"s:197:22:197:Infinity":51,"b:198:4:198:Infinity:undefined:undefined:undefined:undefined":15,"s:198:4:198:Infinity":52,"s:198:20:198:Infinity":53,"s:199:4:199:Infinity":54,"f:205:2:205:15":11,"s:211:4:218:Infinity":55,"b:212:17:212:50:212:50:212:Infinity":16,"b:213:18:213:50:213:50:213:Infinity":17,"b:214:52:215:Infinity:216:10:216:Infinity":18,"b:215:25:215:60:215:60:215:75":19,"b:217:18:217:51:217:51:217:55":20,"f:224:10:224:Infinity":12,"s:230:4:241:Infinity":56,"f:247:2:247:15":13,"s:248:4:248:Infinity":57,"f:254:2:254:40":14,"s:255:4:255:Infinity":58,"s:261:27:261:Infinity":59},"fnNames":{}}}
,"D:\\nova\\packages\\core\\src\\safety\\tool-audit.ts": {"path":"D:\\nova\\packages\\core\\src\\safety\\tool-audit.ts","statementMap":{"0":{"start":{"line":52,"column":36},"end":{"line":56,"column":null}},"1":{"start":{"line":61,"column":38},"end":{"line":61,"column":null}},"2":{"start":{"line":63,"column":24},"end":{"line":63,"column":null}},"3":{"start":{"line":66,"column":4},"end":{"line":66,"column":null}},"4":{"start":{"line":74,"column":19},"end":{"line":74,"column":null}},"5":{"start":{"line":75,"column":10},"end":{"line":75,"column":null}},"6":{"start":{"line":77,"column":38},"end":{"line":81,"column":null}},"7":{"start":{"line":84,"column":4},"end":{"line":84,"column":null}},"8":{"start":{"line":85,"column":4},"end":{"line":87,"column":null}},"9":{"start":{"line":86,"column":6},"end":{"line":86,"column":null}},"10":{"start":{"line":90,"column":4},"end":{"line":104,"column":null}},"11":{"start":{"line":91,"column":6},"end":{"line":103,"column":null}},"12":{"start":{"line":107,"column":4},"end":{"line":114,"column":null}},"13":{"start":{"line":108,"column":21},"end":{"line":108,"column":null}},"14":{"start":{"line":109,"column":6},"end":{"line":113,"column":null}},"15":{"start":{"line":116,"column":4},"end":{"line":116,"column":null}},"16":{"start":{"line":124,"column":17},"end":{"line":124,"column":null}},"17":{"start":{"line":125,"column":10},"end":{"line":125,"column":null}},"18":{"start":{"line":126,"column":4},"end":{"line":126,"column":null}},"19":{"start":{"line":133,"column":4},"end":{"line":133,"column":null}},"20":{"start":{"line":133,"column":38},"end":{"line":133,"column":57}},"21":{"start":{"line":140,"column":4},"end":{"line":140,"column":null}},"22":{"start":{"line":148,"column":4},"end":{"line":150,"column":null}},"23":{"start":{"line":149,"column":13},"end":{"line":149,"column":null}},"24":{"start":{"line":157,"column":4},"end":{"line":157,"column":null}},"25":{"start":{"line":158,"column":4},"end":{"line":158,"column":null}},"26":{"start":{"line":165,"column":18},"end":{"line":165,"column":null}},"27":{"start":{"line":165,"column":50},"end":{"line":165,"column":60}},"28":{"start":{"line":166,"column":18},"end":{"line":166,"column":null}},"29":{"start":{"line":166,"column":50},"end":{"line":166,"column":58}},"30":{"start":{"line":167,"column":4},"end":{"line":171,"column":null}},"31":{"start":{"line":177,"column":25},"end":{"line":177,"column":null}}},"fnMap":{"0":{"name":"constructor","decl":{"start":{"line":65,"column":2},"end":{"line":65,"column":14}},"loc":{"start":{"line":65,"column":49},"end":{"line":67,"column":null}},"line":65},"1":{"name":"record","decl":{"start":{"line":73,"column":2},"end":{"line":73,"column":9}},"loc":{"start":{"line":73,"column":70},"end":{"line":117,"column":null}},"line":73},"2":{"name":"hashParams","decl":{"start":{"line":123,"column":2},"end":{"line":123,"column":13}},"loc":{"start":{"line":123,"column":54},"end":{"line":127,"column":null}},"line":123},"3":{"name":"getEntries","decl":{"start":{"line":132,"column":2},"end":{"line":132,"column":13}},"loc":{"start":{"line":132,"column":47},"end":{"line":134,"column":null}},"line":132},"4":{"name":"(anonymous_4)","decl":{"start":{"line":133,"column":31},"end":{"line":133,"column":32}},"loc":{"start":{"line":133,"column":38},"end":{"line":133,"column":57}},"line":133},"5":{"name":"getRecent","decl":{"start":{"line":139,"column":2},"end":{"line":139,"column":12}},"loc":{"start":{"line":139,"column":46},"end":{"line":141,"column":null}},"line":139},"6":{"name":"countHashInTask","decl":{"start":{"line":147,"column":2},"end":{"line":147,"column":18}},"loc":{"start":{"line":147,"column":62},"end":{"line":151,"column":null}},"line":147},"7":{"name":"(anonymous_7)","decl":{"start":{"line":149,"column":6},"end":{"line":149,"column":7}},"loc":{"start":{"line":149,"column":13},"end":{"line":149,"column":null}},"line":149},"8":{"name":"clear","decl":{"start":{"line":156,"column":2},"end":{"line":156,"column":16}},"loc":{"start":{"line":156,"column":16},"end":{"line":159,"column":null}},"line":156},"9":{"name":"getStats","decl":{"start":{"line":164,"column":2},"end":{"line":164,"column":79}},"loc":{"start":{"line":164,"column":79},"end":{"line":172,"column":null}},"line":164},"10":{"name":"(anonymous_10)","decl":{"start":{"line":165,"column":43},"end":{"line":165,"column":44}},"loc":{"start":{"line":165,"column":50},"end":{"line":165,"column":60}},"line":165},"11":{"name":"(anonymous_11)","decl":{"start":{"line":166,"column":43},"end":{"line":166,"column":44}},"loc":{"start":{"line":166,"column":50},"end":{"line":166,"column":58}},"line":166}},"branchMap":{"0":{"loc":{"start":{"line":65,"column":14},"end":{"line":65,"column":49}},"type":"default-arg","locations":[{"start":{"line":65,"column":45},"end":{"line":65,"column":49}}],"line":65},"1":{"loc":{"start":{"line":85,"column":4},"end":{"line":87,"column":null}},"type":"if","locations":[{"start":{"line":85,"column":4},"end":{"line":87,"column":null}},{"start":{},"end":{}}],"line":85},"2":{"loc":{"start":{"line":90,"column":4},"end":{"line":104,"column":null}},"type":"if","locations":[{"start":{"line":90,"column":4},"end":{"line":104,"column":null}},{"start":{},"end":{}}],"line":90},"3":{"loc":{"start":{"line":107,"column":4},"end":{"line":114,"column":null}},"type":"if","locations":[{"start":{"line":107,"column":4},"end":{"line":114,"column":null}},{"start":{},"end":{}}],"line":107},"4":{"loc":{"start":{"line":108,"column":21},"end":{"line":108,"column":null}},"type":"cond-expr","locations":[{"start":{"line":108,"column":37},"end":{"line":108,"column":43}},{"start":{"line":108,"column":43},"end":{"line":108,"column":null}}],"line":108},"5":{"loc":{"start":{"line":139,"column":12},"end":{"line":139,"column":46}},"type":"default-arg","locations":[{"start":{"line":139,"column":24},"end":{"line":139,"column":46}}],"line":139},"6":{"loc":{"start":{"line":149,"column":13},"end":{"line":149,"column":null}},"type":"binary-expr","locations":[{"start":{"line":149,"column":13},"end":{"line":149,"column":36}},{"start":{"line":149,"column":36},"end":{"line":149,"column":null}}],"line":149}},"s":{"0":3,"1":14,"2":14,"3":14,"4":29,"5":29,"6":29,"7":29,"8":29,"9":2,"10":29,"11":0,"12":29,"13":0,"14":0,"15":29,"16":4,"17":4,"18":4,"19":4,"20":10,"21":1,"22":3,"23":9,"24":1,"25":1,"26":4,"27":9,"28":4,"29":9,"30":4,"31":3},"f":{"0":14,"1":29,"2":4,"3":4,"4":10,"5":1,"6":3,"7":9,"8":1,"9":4,"10":9,"11":9},"b":{"0":[14],"1":[2,27],"2":[0,29],"3":[0,29],"4":[0,0],"5":[1],"6":[9,9]},"meta":{"lastBranch":7,"lastFunction":12,"lastStatement":32,"seen":{"s:52:36:56:Infinity":0,"s:61:38:61:Infinity":1,"s:63:24:63:Infinity":2,"f:65:2:65:14":0,"b:65:45:65:49":0,"s:66:4:66:Infinity":3,"f:73:2:73:9":1,"s:74:19:74:Infinity":4,"s:75:10:75:Infinity":5,"s:77:38:81:Infinity":6,"s:84:4:84:Infinity":7,"b:85:4:87:Infinity:undefined:undefined:undefined:undefined":1,"s:85:4:87:Infinity":8,"s:86:6:86:Infinity":9,"b:90:4:104:Infinity:undefined:undefined:undefined:undefined":2,"s:90:4:104:Infinity":10,"s:91:6:103:Infinity":11,"b:107:4:114:Infinity:undefined:undefined:undefined:undefined":3,"s:107:4:114:Infinity":12,"s:108:21:108:Infinity":13,"b:108:37:108:43:108:43:108:Infinity":4,"s:109:6:113:Infinity":14,"s:116:4:116:Infinity":15,"f:123:2:123:13":2,"s:124:17:124:Infinity":16,"s:125:10:125:Infinity":17,"s:126:4:126:Infinity":18,"f:132:2:132:13":3,"s:133:4:133:Infinity":19,"f:133:31:133:32":4,"s:133:38:133:57":20,"f:139:2:139:12":5,"b:139:24:139:46":5,"s:140:4:140:Infinity":21,"f:147:2:147:18":6,"s:148:4:150:Infinity":22,"f:149:6:149:7":7,"s:149:13:149:Infinity":23,"b:149:13:149:36:149:36:149:Infinity":6,"f:156:2:156:16":8,"s:157:4:157:Infinity":24,"s:158:4:158:Infinity":25,"f:164:2:164:79":9,"s:165:18:165:Infinity":26,"f:165:43:165:44":10,"s:165:50:165:60":27,"s:166:18:166:Infinity":28,"f:166:43:166:44":11,"s:166:50:166:58":29,"s:167:4:171:Infinity":30,"s:177:25:177:Infinity":31},"fnNames":{}}}
}
